<?xml version="1.0" encoding="UTF-8"?>
<testng-results ignored="0" total="1" passed="1" failed="0" skipped="0">
  <reporter-output>
    <line>
      <![CDATA[Stock-000001672   Stock-000001672]]>
    </line>
    <line>
      <![CDATA[Supplier-00000003512   Supplier-00000002828]]>
    </line>
  </reporter-output>
  <suite started-at="2024-05-31T14:56:59 IST" name="Default suite" finished-at="2024-05-31T14:57:31 IST" duration-ms="31969">
    <groups>
    </groups>
    <test started-at="2024-05-31T14:56:59 IST" name="Default test" finished-at="2024-05-31T14:57:31 IST" duration-ms="31969">
      <class name="driverFactory.AppTest">
        <test-method signature="kickStart()[pri:0, instance:driverFactory.AppTest@6a192cfe]" started-at="2024-05-31T14:56:59 IST" name="kickStart" finished-at="2024-05-31T14:57:31 IST" duration-ms="31921" status="PASS">
          <reporter-output>
            <line>
              <![CDATA[Stock-000001672   Stock-000001672]]>
            </line>
            <line>
              <![CDATA[Supplier-00000003512   Supplier-00000002828]]>
            </line>
          </reporter-output>
        </test-method> <!-- kickStart -->
      </class> <!-- driverFactory.AppTest -->
    </test> <!-- Default test -->
  </suite> <!-- Default suite -->
</testng-results>
